[2014-11-05 15:16:45.252] [INFO] pomelo - [32m[/Users/xuanzhi.zhang/src/relax/ATMGame_pomelo/game-server/node_modules/pomelo/lib/application.js] [39mapplication inited: "connector-server-1"
[2014-11-05 15:16:45.738] [INFO] pomelo - [32m[/Users/xuanzhi.zhang/src/relax/ATMGame_pomelo/game-server/node_modules/pomelo/lib/application.js] [39m"connector-server-1" enter after start...
[2014-11-05 15:16:45.741] [INFO] pomelo - [32m[/Users/xuanzhi.zhang/src/relax/ATMGame_pomelo/game-server/node_modules/pomelo/lib/application.js] [39m"connector-server-1" finish start
[2014-11-05 15:16:45.742] [INFO] pomelo - [32m[/Users/xuanzhi.zhang/src/relax/ATMGame_pomelo/game-server/node_modules/pomelo/lib/application.js] [39m"connector-server-1" startup in 424 ms
[2014-11-05 15:50:39.147] [INFO] pomelo - [32m[/Users/xuanzhi.zhang/src/relax/ATMGame_pomelo/game-server/node_modules/pomelo/lib/application.js] [39mapplication inited: "connector-server-1"
[2014-11-05 15:50:40.296] [INFO] pomelo - [32m[/Users/xuanzhi.zhang/src/relax/ATMGame_pomelo/game-server/node_modules/pomelo/lib/application.js] [39m"connector-server-1" enter after start...
[2014-11-05 15:50:40.299] [INFO] pomelo - [32m[/Users/xuanzhi.zhang/src/relax/ATMGame_pomelo/game-server/node_modules/pomelo/lib/application.js] [39m"connector-server-1" finish start
[2014-11-05 15:50:40.299] [INFO] pomelo - [32m[/Users/xuanzhi.zhang/src/relax/ATMGame_pomelo/game-server/node_modules/pomelo/lib/application.js] [39m"connector-server-1" startup in 968 ms
[2014-11-05 16:08:20.087] [INFO] pomelo - [32m[/Users/xuanzhi.zhang/src/relax/ATMGame_pomelo/game-server/node_modules/pomelo/lib/application.js] [39mapplication inited: "connector-server-1"
[2014-11-05 16:08:23.017] [INFO] pomelo - [32m[/Users/xuanzhi.zhang/src/relax/ATMGame_pomelo/game-server/node_modules/pomelo/lib/application.js] [39m"connector-server-1" enter after start...
[2014-11-05 16:08:23.020] [INFO] pomelo - [32m[/Users/xuanzhi.zhang/src/relax/ATMGame_pomelo/game-server/node_modules/pomelo/lib/application.js] [39m"connector-server-1" finish start
[2014-11-05 16:08:23.020] [INFO] pomelo - [32m[/Users/xuanzhi.zhang/src/relax/ATMGame_pomelo/game-server/node_modules/pomelo/lib/application.js] [39m"connector-server-1" startup in 2305 ms
[2014-11-05 16:15:48.904] [INFO] pomelo - [32m[/Users/xuanzhi.zhang/src/relax/ATMGame_pomelo/game-server/node_modules/pomelo/lib/application.js] [39mapplication inited: "connector-server-1"
[2014-11-05 16:15:49.392] [INFO] pomelo - [32m[/Users/xuanzhi.zhang/src/relax/ATMGame_pomelo/game-server/node_modules/pomelo/lib/application.js] [39m"connector-server-1" enter after start...
[2014-11-05 16:15:49.395] [INFO] pomelo - [32m[/Users/xuanzhi.zhang/src/relax/ATMGame_pomelo/game-server/node_modules/pomelo/lib/application.js] [39m"connector-server-1" finish start
[2014-11-05 16:15:49.395] [INFO] pomelo - [32m[/Users/xuanzhi.zhang/src/relax/ATMGame_pomelo/game-server/node_modules/pomelo/lib/application.js] [39m"connector-server-1" startup in 432 ms
[2014-11-05 19:16:54.505] [INFO] pomelo - [32m[/Users/xuanzhi.zhang/src/relax/ATMGame_pomelo/game-server/node_modules/pomelo/lib/application.js] [39mapplication inited: "connector-server-1"
[2014-11-05 19:16:55.021] [INFO] pomelo - [32m[/Users/xuanzhi.zhang/src/relax/ATMGame_pomelo/game-server/node_modules/pomelo/lib/application.js] [39m"connector-server-1" enter after start...
[2014-11-05 19:16:55.023] [INFO] pomelo - [32m[/Users/xuanzhi.zhang/src/relax/ATMGame_pomelo/game-server/node_modules/pomelo/lib/application.js] [39m"connector-server-1" finish start
[2014-11-05 19:16:55.024] [INFO] pomelo - [32m[/Users/xuanzhi.zhang/src/relax/ATMGame_pomelo/game-server/node_modules/pomelo/lib/application.js] [39m"connector-server-1" startup in 462 ms
[2014-11-05 19:21:35.713] [INFO] pomelo - [32m[/Users/xuanzhi.zhang/src/relax/ATMGame_pomelo/game-server/node_modules/pomelo/lib/application.js] [39mapplication inited: "connector-server-1"
[2014-11-05 19:21:36.190] [INFO] pomelo - [32m[/Users/xuanzhi.zhang/src/relax/ATMGame_pomelo/game-server/node_modules/pomelo/lib/application.js] [39m"connector-server-1" enter after start...
[2014-11-05 19:21:36.193] [INFO] pomelo - [32m[/Users/xuanzhi.zhang/src/relax/ATMGame_pomelo/game-server/node_modules/pomelo/lib/application.js] [39m"connector-server-1" finish start
[2014-11-05 19:21:36.194] [INFO] pomelo - [32m[/Users/xuanzhi.zhang/src/relax/ATMGame_pomelo/game-server/node_modules/pomelo/lib/application.js] [39m"connector-server-1" startup in 417 ms
[2014-11-05 19:23:44.100] [DEBUG] pomelo - [36m[/Users/xuanzhi.zhang/src/relax/ATMGame_pomelo/game-server/node_modules/pomelo/lib/components/connector.js] [39m[connector-server-1] getSession session is created with session id: 1
[2014-11-05 19:27:54.131] [DEBUG] pomelo - [36m[/Users/xuanzhi.zhang/src/relax/ATMGame_pomelo/game-server/node_modules/pomelo/lib/common/service/sessionService.js] [39msession on [connector-server-1] is closed with session id: 1
[2014-11-05 19:27:56.036] [DEBUG] pomelo - [36m[/Users/xuanzhi.zhang/src/relax/ATMGame_pomelo/game-server/node_modules/pomelo/lib/components/connector.js] [39m[connector-server-1] getSession session is created with session id: 2
[2014-11-05 19:27:56.041] [DEBUG] pomelo - [36m[/Users/xuanzhi.zhang/src/relax/ATMGame_pomelo/game-server/node_modules/pomelo/lib/components/connector.js] [39m[connector-server-1] handleMessage session id: 2, msg: {"id":2,"type":0,"compressRoute":0,"route":"connector.entryHandler.enter","body":{}}
[2014-11-05 19:27:56.043] [WARN] pomelo - [33m[/Users/xuanzhi.zhang/src/relax/ATMGame_pomelo/game-server/node_modules/pomelo/lib/common/service/handlerService.js] [39mcould not find the method enter in handler: entryHandler
[2014-11-05 19:27:56.044] [ERROR] pomelo - [31m[/Users/xuanzhi.zhang/src/relax/ATMGame_pomelo/game-server/node_modules/pomelo/lib/common/service/handlerService.js] [39m[handleManager]: fail to find handler for "connector.entryHandler.enter"
[2014-11-05 19:27:56.046] [DEBUG] pomelo - [36m[/Users/xuanzhi.zhang/src/relax/ATMGame_pomelo/game-server/node_modules/pomelo/lib/server/server.js] [39mno default error handler to resolve unknown exception. Error: fail to find handler for connector.entryHandler.enter
    at Service.handle (/Users/xuanzhi.zhang/src/relax/ATMGame_pomelo/game-server/node_modules/pomelo/lib/common/service/handlerService.js:33:30)
    at handle (/Users/xuanzhi.zhang/src/relax/ATMGame_pomelo/game-server/node_modules/pomelo/lib/server/server.js:370:25)
    at next (/Users/xuanzhi.zhang/src/relax/ATMGame_pomelo/game-server/node_modules/pomelo/lib/common/service/filterService.js:50:7)
    at Service.beforeFilter (/Users/xuanzhi.zhang/src/relax/ATMGame_pomelo/game-server/node_modules/pomelo/lib/common/service/filterService.js:65:3)
    at beforeFilter (/Users/xuanzhi.zhang/src/relax/ATMGame_pomelo/game-server/node_modules/pomelo/lib/server/server.js:242:8)
    at doHandle (/Users/xuanzhi.zhang/src/relax/ATMGame_pomelo/game-server/node_modules/pomelo/lib/server/server.js:383:3)
    at dispatch (/Users/xuanzhi.zhang/src/relax/ATMGame_pomelo/game-server/node_modules/pomelo/lib/server/server.js:107:7)
    at next (/Users/xuanzhi.zhang/src/relax/ATMGame_pomelo/game-server/node_modules/pomelo/lib/common/service/filterService.js:50:7)
    at Service.beforeFilter (/Users/xuanzhi.zhang/src/relax/ATMGame_pomelo/game-server/node_modules/pomelo/lib/common/service/filterService.js:65:3)
    at beforeFilter (/Users/xuanzhi.zhang/src/relax/ATMGame_pomelo/game-server/node_modules/pomelo/lib/server/server.js:242:8)
[2014-11-05 19:27:56.047] [DEBUG] pomelo - [36m[/Users/xuanzhi.zhang/src/relax/ATMGame_pomelo/game-server/node_modules/pomelo/lib/components/connector.js] [39m[connector-server-1] send message reqId: 2, route: connector.entryHandler.enter, msg: {"code":500}, receivers: [2], opts: {"type":"response","userOptions":{},"isResponse":true}
[2014-11-05 19:27:56.051] [DEBUG] pomelo - [36m[/Users/xuanzhi.zhang/src/relax/ATMGame_pomelo/game-server/node_modules/pomelo/lib/common/service/sessionService.js] [39msession on [connector-server-1] is closed with session id: 2
[2014-11-05 19:28:38.773] [DEBUG] pomelo - [36m[/Users/xuanzhi.zhang/src/relax/ATMGame_pomelo/game-server/node_modules/pomelo/lib/components/connector.js] [39m[connector-server-1] getSession session is created with session id: 3
[2014-11-05 19:28:38.777] [DEBUG] pomelo - [36m[/Users/xuanzhi.zhang/src/relax/ATMGame_pomelo/game-server/node_modules/pomelo/lib/components/connector.js] [39m[connector-server-1] handleMessage session id: 3, msg: {"id":2,"type":0,"compressRoute":0,"route":"connector.entryHandler.entry","body":{}}
[2014-11-05 19:28:38.779] [DEBUG] pomelo - [36m[/Users/xuanzhi.zhang/src/relax/ATMGame_pomelo/game-server/node_modules/pomelo/lib/components/connector.js] [39m[connector-server-1] send message reqId: 2, route: connector.entryHandler.entry, msg: {"code":200,"msg":"game server is ok."}, receivers: [3], opts: {"type":"response","userOptions":{},"isResponse":true}
[2014-11-05 19:28:38.781] [DEBUG] pomelo - [36m[/Users/xuanzhi.zhang/src/relax/ATMGame_pomelo/game-server/node_modules/pomelo/lib/common/service/sessionService.js] [39msession on [connector-server-1] is closed with session id: 3
[2014-11-07 21:28:13.345] [INFO] pomelo - [32m[/Users/xuanzhi.zhang/src/relax/ATMGame_pomelo/game-server/node_modules/pomelo/lib/application.js] [39mapplication inited: "connector-server-1"
[2014-11-08 14:04:19.440] [INFO] pomelo - [32m[/Users/xuanzhi.zhang/src/relax/ATMGame_pomelo/game-server/node_modules/pomelo/lib/application.js] [39mapplication inited: "connector-server-1"
[2014-11-08 14:19:44.468] [INFO] pomelo - [32m[/Users/xuanzhi.zhang/src/relax/ATMGame_pomelo/game-server/node_modules/pomelo/lib/application.js] [39mapplication inited: "connector-server-1"
[2014-11-08 14:19:45.067] [INFO] pomelo - [32m[/Users/xuanzhi.zhang/src/relax/ATMGame_pomelo/game-server/node_modules/pomelo/lib/application.js] [39m"connector-server-1" enter after start...
[2014-11-08 14:19:45.070] [INFO] pomelo - [32m[/Users/xuanzhi.zhang/src/relax/ATMGame_pomelo/game-server/node_modules/pomelo/lib/application.js] [39m"connector-server-1" finish start
[2014-11-08 14:19:45.071] [INFO] pomelo - [32m[/Users/xuanzhi.zhang/src/relax/ATMGame_pomelo/game-server/node_modules/pomelo/lib/application.js] [39m"connector-server-1" startup in 412 ms
[2014-11-08 15:18:18.804] [INFO] pomelo - [32m[/Users/xuanzhi.zhang/src/relax/ATMGame_pomelo/game-server/node_modules/pomelo/lib/application.js] [39mapplication inited: "connector-server-1"
[2014-11-08 15:18:19.973] [INFO] pomelo - [32m[/Users/xuanzhi.zhang/src/relax/ATMGame_pomelo/game-server/node_modules/pomelo/lib/application.js] [39m"connector-server-1" enter after start...
[2014-11-08 15:18:19.976] [INFO] pomelo - [32m[/Users/xuanzhi.zhang/src/relax/ATMGame_pomelo/game-server/node_modules/pomelo/lib/application.js] [39m"connector-server-1" finish start
[2014-11-08 15:18:19.976] [INFO] pomelo - [32m[/Users/xuanzhi.zhang/src/relax/ATMGame_pomelo/game-server/node_modules/pomelo/lib/application.js] [39m"connector-server-1" startup in 921 ms
[2014-11-08 15:28:21.544] [INFO] pomelo - [32m[/Users/xuanzhi.zhang/src/relax/ATMGame_pomelo/game-server/node_modules/pomelo/lib/application.js] [39mapplication inited: "connector-server-1"
[2014-11-08 15:28:22.275] [INFO] pomelo - [32m[/Users/xuanzhi.zhang/src/relax/ATMGame_pomelo/game-server/node_modules/pomelo/lib/application.js] [39m"connector-server-1" enter after start...
[2014-11-08 15:28:22.278] [INFO] pomelo - [32m[/Users/xuanzhi.zhang/src/relax/ATMGame_pomelo/game-server/node_modules/pomelo/lib/application.js] [39m"connector-server-1" finish start
[2014-11-08 15:28:22.278] [INFO] pomelo - [32m[/Users/xuanzhi.zhang/src/relax/ATMGame_pomelo/game-server/node_modules/pomelo/lib/application.js] [39m"connector-server-1" startup in 490 ms
[2014-11-08 15:40:56.189] [INFO] pomelo - [32m[/Users/xuanzhi.zhang/src/relax/ATMGame_pomelo/game-server/node_modules/pomelo/lib/application.js] [39mapplication inited: "connector-server-1"
[2014-11-08 15:41:00.257] [INFO] pomelo - [32m[/Users/xuanzhi.zhang/src/relax/ATMGame_pomelo/game-server/node_modules/pomelo/lib/application.js] [39m"connector-server-1" enter after start...
[2014-11-08 15:41:00.260] [INFO] pomelo - [32m[/Users/xuanzhi.zhang/src/relax/ATMGame_pomelo/game-server/node_modules/pomelo/lib/application.js] [39m"connector-server-1" finish start
[2014-11-08 15:41:00.260] [INFO] pomelo - [32m[/Users/xuanzhi.zhang/src/relax/ATMGame_pomelo/game-server/node_modules/pomelo/lib/application.js] [39m"connector-server-1" startup in 3194 ms
[2014-11-08 15:41:13.310] [DEBUG] pomelo - [36m[/Users/xuanzhi.zhang/src/relax/ATMGame_pomelo/game-server/node_modules/pomelo/lib/components/connector.js] [39m[connector-server-1] getSession session is created with session id: 1
[2014-11-08 15:41:22.361] [DEBUG] pomelo - [36m[/Users/xuanzhi.zhang/src/relax/ATMGame_pomelo/game-server/node_modules/pomelo/lib/common/service/sessionService.js] [39msession on [connector-server-1] is closed with session id: 1
[2014-11-08 15:49:31.658] [INFO] pomelo - [32m[/Users/xuanzhi.zhang/src/relax/ATMGame_pomelo/game-server/node_modules/pomelo/lib/application.js] [39mapplication inited: "connector-server-1"
[2014-11-08 15:49:33.834] [INFO] pomelo - [32m[/Users/xuanzhi.zhang/src/relax/ATMGame_pomelo/game-server/node_modules/pomelo/lib/application.js] [39m"connector-server-1" enter after start...
[2014-11-08 15:49:33.837] [INFO] pomelo - [32m[/Users/xuanzhi.zhang/src/relax/ATMGame_pomelo/game-server/node_modules/pomelo/lib/application.js] [39m"connector-server-1" finish start
[2014-11-08 15:49:33.837] [INFO] pomelo - [32m[/Users/xuanzhi.zhang/src/relax/ATMGame_pomelo/game-server/node_modules/pomelo/lib/application.js] [39m"connector-server-1" startup in 1920 ms
[2014-11-08 15:50:14.911] [DEBUG] pomelo - [36m[/Users/xuanzhi.zhang/src/relax/ATMGame_pomelo/game-server/node_modules/pomelo/lib/components/connector.js] [39m[connector-server-1] getSession session is created with session id: 1
[2014-11-08 15:50:42.760] [DEBUG] pomelo - [36m[/Users/xuanzhi.zhang/src/relax/ATMGame_pomelo/game-server/node_modules/pomelo/lib/components/connector.js] [39m[connector-server-1] getSession session is created with session id: 2
[2014-11-08 15:50:43.110] [DEBUG] pomelo - [36m[/Users/xuanzhi.zhang/src/relax/ATMGame_pomelo/game-server/node_modules/pomelo/lib/components/connector.js] [39m[connector-server-1] getSession session is created with session id: 3
[2014-11-08 15:53:30.340] [DEBUG] pomelo - [36m[/Users/xuanzhi.zhang/src/relax/ATMGame_pomelo/game-server/node_modules/pomelo/lib/common/service/sessionService.js] [39msession on [connector-server-1] is closed with session id: 1
[2014-11-08 15:53:30.342] [DEBUG] pomelo - [36m[/Users/xuanzhi.zhang/src/relax/ATMGame_pomelo/game-server/node_modules/pomelo/lib/common/service/sessionService.js] [39msession on [connector-server-1] is closed with session id: 2
[2014-11-08 15:53:30.343] [DEBUG] pomelo - [36m[/Users/xuanzhi.zhang/src/relax/ATMGame_pomelo/game-server/node_modules/pomelo/lib/common/service/sessionService.js] [39msession on [connector-server-1] is closed with session id: 3
[2014-11-08 15:53:39.481] [INFO] pomelo - [32m[/Users/xuanzhi.zhang/src/relax/ATMGame_pomelo/game-server/node_modules/pomelo/lib/application.js] [39mapplication inited: "connector-server-1"
[2014-11-08 15:53:40.633] [INFO] pomelo - [32m[/Users/xuanzhi.zhang/src/relax/ATMGame_pomelo/game-server/node_modules/pomelo/lib/application.js] [39m"connector-server-1" enter after start...
[2014-11-08 15:53:40.635] [INFO] pomelo - [32m[/Users/xuanzhi.zhang/src/relax/ATMGame_pomelo/game-server/node_modules/pomelo/lib/application.js] [39m"connector-server-1" finish start
[2014-11-08 15:53:40.636] [INFO] pomelo - [32m[/Users/xuanzhi.zhang/src/relax/ATMGame_pomelo/game-server/node_modules/pomelo/lib/application.js] [39m"connector-server-1" startup in 883 ms
[2014-11-08 15:53:55.991] [DEBUG] pomelo - [36m[/Users/xuanzhi.zhang/src/relax/ATMGame_pomelo/game-server/node_modules/pomelo/lib/components/connector.js] [39m[connector-server-1] getSession session is created with session id: 1
[2014-11-08 15:53:55.995] [DEBUG] pomelo - [36m[/Users/xuanzhi.zhang/src/relax/ATMGame_pomelo/game-server/node_modules/pomelo/lib/components/connector.js] [39m[connector-server-1] handleMessage session id: 1, msg: {"id":2,"type":0,"compressRoute":0,"route":"connector.entryHandler.enter","body":{"uid":"","pwd":""}}
[2014-11-08 15:53:56.066] [DEBUG] pomelo - [36m[/Users/xuanzhi.zhang/src/relax/ATMGame_pomelo/game-server/node_modules/pomelo/lib/components/connector.js] [39m[connector-server-1] send message reqId: 2, route: connector.entryHandler.enter, msg: {}, receivers: [1], opts: {"type":"response","userOptions":{},"isResponse":true}
[2014-11-08 15:53:56.070] [DEBUG] pomelo - [36m[/Users/xuanzhi.zhang/src/relax/ATMGame_pomelo/game-server/node_modules/pomelo/lib/common/service/sessionService.js] [39msession on [connector-server-1] is closed with session id: 1
[2014-11-08 15:56:07.073] [INFO] pomelo - [32m[/Users/xuanzhi.zhang/src/relax/ATMGame_pomelo/game-server/node_modules/pomelo/lib/application.js] [39mapplication inited: "connector-server-1"
[2014-11-08 15:56:07.705] [INFO] pomelo - [32m[/Users/xuanzhi.zhang/src/relax/ATMGame_pomelo/game-server/node_modules/pomelo/lib/application.js] [39m"connector-server-1" enter after start...
[2014-11-08 15:56:07.708] [INFO] pomelo - [32m[/Users/xuanzhi.zhang/src/relax/ATMGame_pomelo/game-server/node_modules/pomelo/lib/application.js] [39m"connector-server-1" finish start
[2014-11-08 15:56:07.708] [INFO] pomelo - [32m[/Users/xuanzhi.zhang/src/relax/ATMGame_pomelo/game-server/node_modules/pomelo/lib/application.js] [39m"connector-server-1" startup in 415 ms
[2014-11-08 15:56:18.300] [DEBUG] pomelo - [36m[/Users/xuanzhi.zhang/src/relax/ATMGame_pomelo/game-server/node_modules/pomelo/lib/components/connector.js] [39m[connector-server-1] getSession session is created with session id: 1
[2014-11-08 15:57:48.924] [DEBUG] pomelo - [36m[/Users/xuanzhi.zhang/src/relax/ATMGame_pomelo/game-server/node_modules/pomelo/lib/common/service/sessionService.js] [39msession on [connector-server-1] is closed with session id: 1
[2014-11-08 15:59:26.560] [INFO] pomelo - [32m[/Users/xuanzhi.zhang/src/relax/ATMGame_pomelo/game-server/node_modules/pomelo/lib/application.js] [39mapplication inited: "connector-server-1"
[2014-11-08 15:59:27.924] [INFO] pomelo - [32m[/Users/xuanzhi.zhang/src/relax/ATMGame_pomelo/game-server/node_modules/pomelo/lib/application.js] [39m"connector-server-1" enter after start...
[2014-11-08 15:59:27.927] [INFO] pomelo - [32m[/Users/xuanzhi.zhang/src/relax/ATMGame_pomelo/game-server/node_modules/pomelo/lib/application.js] [39m"connector-server-1" finish start
[2014-11-08 15:59:27.927] [INFO] pomelo - [32m[/Users/xuanzhi.zhang/src/relax/ATMGame_pomelo/game-server/node_modules/pomelo/lib/application.js] [39m"connector-server-1" startup in 1043 ms
[2014-11-08 15:59:43.161] [DEBUG] pomelo - [36m[/Users/xuanzhi.zhang/src/relax/ATMGame_pomelo/game-server/node_modules/pomelo/lib/components/connector.js] [39m[connector-server-1] getSession session is created with session id: 1
[2014-11-08 15:59:43.165] [DEBUG] pomelo - [36m[/Users/xuanzhi.zhang/src/relax/ATMGame_pomelo/game-server/node_modules/pomelo/lib/components/connector.js] [39m[connector-server-1] handleMessage session id: 1, msg: {"id":2,"type":0,"compressRoute":0,"route":"connector.entryHandler.enter","body":{"uid":"zxzsaga@gmail.com","pwd":"fzxzvice27"}}
[2014-11-08 15:59:43.189] [DEBUG] pomelo - [36m[/Users/xuanzhi.zhang/src/relax/ATMGame_pomelo/game-server/node_modules/pomelo/lib/components/connector.js] [39m[connector-server-1] send message reqId: 2, route: connector.entryHandler.enter, msg: {}, receivers: [1], opts: {"type":"response","userOptions":{},"isResponse":true}
[2014-11-08 15:59:43.194] [DEBUG] pomelo - [36m[/Users/xuanzhi.zhang/src/relax/ATMGame_pomelo/game-server/node_modules/pomelo/lib/common/service/sessionService.js] [39msession on [connector-server-1] is closed with session id: 1
[2014-11-08 16:01:36.200] [INFO] pomelo - [32m[/Users/xuanzhi.zhang/src/relax/ATMGame_pomelo/game-server/node_modules/pomelo/lib/application.js] [39mapplication inited: "connector-server-1"
[2014-11-08 16:02:51.296] [INFO] pomelo - [32m[/Users/xuanzhi.zhang/src/relax/ATMGame_pomelo/game-server/node_modules/pomelo/lib/application.js] [39mapplication inited: "connector-server-1"
[2014-11-08 16:02:51.927] [INFO] pomelo - [32m[/Users/xuanzhi.zhang/src/relax/ATMGame_pomelo/game-server/node_modules/pomelo/lib/application.js] [39m"connector-server-1" enter after start...
[2014-11-08 16:02:51.930] [INFO] pomelo - [32m[/Users/xuanzhi.zhang/src/relax/ATMGame_pomelo/game-server/node_modules/pomelo/lib/application.js] [39m"connector-server-1" finish start
[2014-11-08 16:02:51.930] [INFO] pomelo - [32m[/Users/xuanzhi.zhang/src/relax/ATMGame_pomelo/game-server/node_modules/pomelo/lib/application.js] [39m"connector-server-1" startup in 422 ms
[2014-11-08 16:03:03.877] [DEBUG] pomelo - [36m[/Users/xuanzhi.zhang/src/relax/ATMGame_pomelo/game-server/node_modules/pomelo/lib/components/connector.js] [39m[connector-server-1] getSession session is created with session id: 1
[2014-11-08 16:03:03.882] [DEBUG] pomelo - [36m[/Users/xuanzhi.zhang/src/relax/ATMGame_pomelo/game-server/node_modules/pomelo/lib/components/connector.js] [39m[connector-server-1] handleMessage session id: 1, msg: {"id":2,"type":0,"compressRoute":0,"route":"connector.entryHandler.enter","body":{"uid":"zxzsaga@gmail.com","pwd":"111111"}}
[2014-11-08 16:03:03.893] [DEBUG] pomelo - [36m[/Users/xuanzhi.zhang/src/relax/ATMGame_pomelo/game-server/node_modules/pomelo/lib/components/connector.js] [39m[connector-server-1] send message reqId: 2, route: connector.entryHandler.enter, msg: {}, receivers: [1], opts: {"type":"response","userOptions":{},"isResponse":true}
[2014-11-08 16:03:03.897] [DEBUG] pomelo - [36m[/Users/xuanzhi.zhang/src/relax/ATMGame_pomelo/game-server/node_modules/pomelo/lib/common/service/sessionService.js] [39msession on [connector-server-1] is closed with session id: 1
[2014-11-08 16:18:07.827] [INFO] pomelo - [32m[/Users/xuanzhi.zhang/src/relax/ATMGame_pomelo/game-server/node_modules/pomelo/lib/application.js] [39mapplication inited: "connector-server-1"
[2014-11-08 16:18:09.112] [INFO] pomelo - [32m[/Users/xuanzhi.zhang/src/relax/ATMGame_pomelo/game-server/node_modules/pomelo/lib/application.js] [39m"connector-server-1" enter after start...
[2014-11-08 16:18:09.120] [INFO] pomelo - [32m[/Users/xuanzhi.zhang/src/relax/ATMGame_pomelo/game-server/node_modules/pomelo/lib/application.js] [39m"connector-server-1" finish start
[2014-11-08 16:18:09.120] [INFO] pomelo - [32m[/Users/xuanzhi.zhang/src/relax/ATMGame_pomelo/game-server/node_modules/pomelo/lib/application.js] [39m"connector-server-1" startup in 1036 ms
[2014-11-08 16:20:16.294] [DEBUG] pomelo - [36m[/Users/xuanzhi.zhang/src/relax/ATMGame_pomelo/game-server/node_modules/pomelo/lib/components/connector.js] [39m[connector-server-1] getSession session is created with session id: 1
[2014-11-08 16:20:16.298] [DEBUG] pomelo - [36m[/Users/xuanzhi.zhang/src/relax/ATMGame_pomelo/game-server/node_modules/pomelo/lib/components/connector.js] [39m[connector-server-1] handleMessage session id: 1, msg: {"id":2,"type":0,"compressRoute":0,"route":"connector.entryHandler.enter","body":{"uid":"zxzsaga@gmail.com","pwd":"111111"}}
[2014-11-08 16:20:16.323] [DEBUG] pomelo - [36m[/Users/xuanzhi.zhang/src/relax/ATMGame_pomelo/game-server/node_modules/pomelo/lib/components/connector.js] [39msession on [connector-server-1] bind with uid: zxzsaga@gmail.com
[2014-11-08 16:20:16.324] [DEBUG] pomelo - [36m[/Users/xuanzhi.zhang/src/relax/ATMGame_pomelo/game-server/node_modules/pomelo/lib/components/connector.js] [39m[connector-server-1] send message reqId: 2, route: connector.entryHandler.enter, msg: {"code":200,"msg":{"name":"zxzsaga@gmail.com","password":"111111","registerAt":1415268431562,"_id":"545b484fbbeee8dea521b70d"}}, receivers: [1], opts: {"type":"response","userOptions":{},"isResponse":true}
[2014-11-08 16:20:16.329] [DEBUG] pomelo - [36m[/Users/xuanzhi.zhang/src/relax/ATMGame_pomelo/game-server/node_modules/pomelo/lib/common/service/sessionService.js] [39msession on [connector-server-1] is closed with session id: 1
[2014-11-08 16:24:59.464] [DEBUG] pomelo - [36m[/Users/xuanzhi.zhang/src/relax/ATMGame_pomelo/game-server/node_modules/pomelo/lib/components/connector.js] [39m[connector-server-1] getSession session is created with session id: 2
[2014-11-08 16:24:59.468] [DEBUG] pomelo - [36m[/Users/xuanzhi.zhang/src/relax/ATMGame_pomelo/game-server/node_modules/pomelo/lib/components/connector.js] [39m[connector-server-1] handleMessage session id: 2, msg: {"id":2,"type":0,"compressRoute":0,"route":"connector.entryHandler.enter","body":{"uid":"zxzsaga@gmail.com","pwd":"111111"}}
[2014-11-08 16:24:59.470] [DEBUG] pomelo - [36m[/Users/xuanzhi.zhang/src/relax/ATMGame_pomelo/game-server/node_modules/pomelo/lib/components/connector.js] [39msession on [connector-server-1] bind with uid: zxzsaga@gmail.com
[2014-11-08 16:24:59.470] [DEBUG] pomelo - [36m[/Users/xuanzhi.zhang/src/relax/ATMGame_pomelo/game-server/node_modules/pomelo/lib/components/connector.js] [39m[connector-server-1] send message reqId: 2, route: connector.entryHandler.enter, msg: {"code":200,"msg":{"name":"zxzsaga@gmail.com","password":"111111","registerAt":1415268431562,"_id":"545b484fbbeee8dea521b70d"}}, receivers: [2], opts: {"type":"response","userOptions":{},"isResponse":true}
[2014-11-08 16:24:59.474] [DEBUG] pomelo - [36m[/Users/xuanzhi.zhang/src/relax/ATMGame_pomelo/game-server/node_modules/pomelo/lib/common/service/sessionService.js] [39msession on [connector-server-1] is closed with session id: 2
[2014-11-08 16:24:59.773] [DEBUG] pomelo - [36m[/Users/xuanzhi.zhang/src/relax/ATMGame_pomelo/game-server/node_modules/pomelo/lib/components/connector.js] [39m[connector-server-1] getSession session is created with session id: 3
[2014-11-08 16:44:31.669] [DEBUG] pomelo - [36m[/Users/xuanzhi.zhang/src/relax/ATMGame_pomelo/game-server/node_modules/pomelo/lib/common/service/sessionService.js] [39msession on [connector-server-1] is closed with session id: 3
