[2014-11-05 16:08:20.495] [INFO] pomelo - [32m[/Users/xuanzhi.zhang/src/relax/ATMGame_pomelo/game-server/node_modules/pomelo/lib/application.js] [39mapplication inited: "gate-server-1"
[2014-11-05 16:15:48.909] [INFO] pomelo - [32m[/Users/xuanzhi.zhang/src/relax/ATMGame_pomelo/game-server/node_modules/pomelo/lib/application.js] [39mapplication inited: "gate-server-1"
[2014-11-05 19:16:54.499] [INFO] pomelo - [32m[/Users/xuanzhi.zhang/src/relax/ATMGame_pomelo/game-server/node_modules/pomelo/lib/application.js] [39mapplication inited: "gate-server-1"
[2014-11-05 19:21:35.728] [INFO] pomelo - [32m[/Users/xuanzhi.zhang/src/relax/ATMGame_pomelo/game-server/node_modules/pomelo/lib/application.js] [39mapplication inited: "gate-server-1"
[2014-11-05 19:21:36.193] [INFO] pomelo - [32m[/Users/xuanzhi.zhang/src/relax/ATMGame_pomelo/game-server/node_modules/pomelo/lib/application.js] [39m"gate-server-1" enter after start...
[2014-11-05 19:21:36.198] [INFO] pomelo - [32m[/Users/xuanzhi.zhang/src/relax/ATMGame_pomelo/game-server/node_modules/pomelo/lib/application.js] [39m"gate-server-1" finish start
[2014-11-05 19:21:36.198] [INFO] pomelo - [32m[/Users/xuanzhi.zhang/src/relax/ATMGame_pomelo/game-server/node_modules/pomelo/lib/application.js] [39m"gate-server-1" startup in 407 ms
[2014-11-05 19:22:10.522] [DEBUG] pomelo - [36m[/Users/xuanzhi.zhang/src/relax/ATMGame_pomelo/game-server/node_modules/pomelo/lib/components/connector.js] [39m[gate-server-1] getSession session is created with session id: 1
[2014-11-05 19:22:52.989] [DEBUG] pomelo - [36m[/Users/xuanzhi.zhang/src/relax/ATMGame_pomelo/game-server/node_modules/pomelo/lib/common/service/sessionService.js] [39msession on [gate-server-1] is closed with session id: 1
[2014-11-05 19:22:54.645] [DEBUG] pomelo - [36m[/Users/xuanzhi.zhang/src/relax/ATMGame_pomelo/game-server/node_modules/pomelo/lib/components/connector.js] [39m[gate-server-1] getSession session is created with session id: 2
[2014-11-05 19:22:54.653] [DEBUG] pomelo - [36m[/Users/xuanzhi.zhang/src/relax/ATMGame_pomelo/game-server/node_modules/pomelo/lib/components/connector.js] [39m[gate-server-1] handleMessage session id: 2, msg: {"id":1,"type":0,"compressRoute":0,"route":"gate.gateHandler.queryEntry","body":{"uid":"aaa"}}
[2014-11-05 19:22:54.657] [DEBUG] pomelo - [36m[/Users/xuanzhi.zhang/src/relax/ATMGame_pomelo/game-server/node_modules/pomelo/lib/components/connector.js] [39m[gate-server-1] send message reqId: 1, route: gate.gateHandler.queryEntry, msg: {"code":200,"host":"127.0.0.1","port":3010}, receivers: [2], opts: {"type":"response","userOptions":{},"isResponse":true}
[2014-11-05 19:23:22.646] [DEBUG] pomelo - [36m[/Users/xuanzhi.zhang/src/relax/ATMGame_pomelo/game-server/node_modules/pomelo/lib/common/service/sessionService.js] [39msession on [gate-server-1] is closed with session id: 2
[2014-11-05 19:23:24.083] [DEBUG] pomelo - [36m[/Users/xuanzhi.zhang/src/relax/ATMGame_pomelo/game-server/node_modules/pomelo/lib/components/connector.js] [39m[gate-server-1] getSession session is created with session id: 3
[2014-11-05 19:23:24.094] [DEBUG] pomelo - [36m[/Users/xuanzhi.zhang/src/relax/ATMGame_pomelo/game-server/node_modules/pomelo/lib/components/connector.js] [39m[gate-server-1] handleMessage session id: 3, msg: {"id":1,"type":0,"compressRoute":0,"route":"gate.gateHandler.queryEntry","body":{"uid":"aaa"}}
[2014-11-05 19:23:24.095] [DEBUG] pomelo - [36m[/Users/xuanzhi.zhang/src/relax/ATMGame_pomelo/game-server/node_modules/pomelo/lib/components/connector.js] [39m[gate-server-1] send message reqId: 1, route: gate.gateHandler.queryEntry, msg: {"code":200,"host":"127.0.0.1","port":3010}, receivers: [3], opts: {"type":"response","userOptions":{},"isResponse":true}
[2014-11-05 19:23:42.696] [DEBUG] pomelo - [36m[/Users/xuanzhi.zhang/src/relax/ATMGame_pomelo/game-server/node_modules/pomelo/lib/common/service/sessionService.js] [39msession on [gate-server-1] is closed with session id: 3
[2014-11-05 19:23:44.077] [DEBUG] pomelo - [36m[/Users/xuanzhi.zhang/src/relax/ATMGame_pomelo/game-server/node_modules/pomelo/lib/components/connector.js] [39m[gate-server-1] getSession session is created with session id: 4
[2014-11-05 19:23:44.080] [DEBUG] pomelo - [36m[/Users/xuanzhi.zhang/src/relax/ATMGame_pomelo/game-server/node_modules/pomelo/lib/components/connector.js] [39m[gate-server-1] handleMessage session id: 4, msg: {"id":1,"type":0,"compressRoute":0,"route":"gate.gateHandler.queryEntry","body":{"uid":"aaa"}}
[2014-11-05 19:23:44.081] [DEBUG] pomelo - [36m[/Users/xuanzhi.zhang/src/relax/ATMGame_pomelo/game-server/node_modules/pomelo/lib/components/connector.js] [39m[gate-server-1] send message reqId: 1, route: gate.gateHandler.queryEntry, msg: {"code":200,"host":"127.0.0.1","port":3010}, receivers: [4], opts: {"type":"response","userOptions":{},"isResponse":true}
[2014-11-05 19:23:44.083] [DEBUG] pomelo - [36m[/Users/xuanzhi.zhang/src/relax/ATMGame_pomelo/game-server/node_modules/pomelo/lib/common/service/sessionService.js] [39msession on [gate-server-1] is closed with session id: 4
[2014-11-05 19:27:56.015] [DEBUG] pomelo - [36m[/Users/xuanzhi.zhang/src/relax/ATMGame_pomelo/game-server/node_modules/pomelo/lib/components/connector.js] [39m[gate-server-1] getSession session is created with session id: 5
[2014-11-05 19:27:56.018] [DEBUG] pomelo - [36m[/Users/xuanzhi.zhang/src/relax/ATMGame_pomelo/game-server/node_modules/pomelo/lib/components/connector.js] [39m[gate-server-1] handleMessage session id: 5, msg: {"id":1,"type":0,"compressRoute":0,"route":"gate.gateHandler.queryEntry","body":{"uid":"aaa"}}
[2014-11-05 19:27:56.019] [DEBUG] pomelo - [36m[/Users/xuanzhi.zhang/src/relax/ATMGame_pomelo/game-server/node_modules/pomelo/lib/components/connector.js] [39m[gate-server-1] send message reqId: 1, route: gate.gateHandler.queryEntry, msg: {"code":200,"host":"127.0.0.1","port":3010}, receivers: [5], opts: {"type":"response","userOptions":{},"isResponse":true}
[2014-11-05 19:27:56.021] [DEBUG] pomelo - [36m[/Users/xuanzhi.zhang/src/relax/ATMGame_pomelo/game-server/node_modules/pomelo/lib/common/service/sessionService.js] [39msession on [gate-server-1] is closed with session id: 5
[2014-11-05 19:28:38.756] [DEBUG] pomelo - [36m[/Users/xuanzhi.zhang/src/relax/ATMGame_pomelo/game-server/node_modules/pomelo/lib/components/connector.js] [39m[gate-server-1] getSession session is created with session id: 6
[2014-11-05 19:28:38.761] [DEBUG] pomelo - [36m[/Users/xuanzhi.zhang/src/relax/ATMGame_pomelo/game-server/node_modules/pomelo/lib/components/connector.js] [39m[gate-server-1] handleMessage session id: 6, msg: {"id":1,"type":0,"compressRoute":0,"route":"gate.gateHandler.queryEntry","body":{"uid":"aaa"}}
[2014-11-05 19:28:38.762] [DEBUG] pomelo - [36m[/Users/xuanzhi.zhang/src/relax/ATMGame_pomelo/game-server/node_modules/pomelo/lib/components/connector.js] [39m[gate-server-1] send message reqId: 1, route: gate.gateHandler.queryEntry, msg: {"code":200,"host":"127.0.0.1","port":3010}, receivers: [6], opts: {"type":"response","userOptions":{},"isResponse":true}
[2014-11-05 19:28:38.764] [DEBUG] pomelo - [36m[/Users/xuanzhi.zhang/src/relax/ATMGame_pomelo/game-server/node_modules/pomelo/lib/common/service/sessionService.js] [39msession on [gate-server-1] is closed with session id: 6
[2014-11-07 21:28:13.353] [INFO] pomelo - [32m[/Users/xuanzhi.zhang/src/relax/ATMGame_pomelo/game-server/node_modules/pomelo/lib/application.js] [39mapplication inited: "gate-server-1"
[2014-11-07 21:28:14.438] [INFO] pomelo - [32m[/Users/xuanzhi.zhang/src/relax/ATMGame_pomelo/game-server/node_modules/pomelo/lib/application.js] [39m"gate-server-1" enter after start...
[2014-11-07 21:28:14.442] [INFO] pomelo - [32m[/Users/xuanzhi.zhang/src/relax/ATMGame_pomelo/game-server/node_modules/pomelo/lib/application.js] [39m"gate-server-1" finish start
[2014-11-07 21:28:14.442] [INFO] pomelo - [32m[/Users/xuanzhi.zhang/src/relax/ATMGame_pomelo/game-server/node_modules/pomelo/lib/application.js] [39m"gate-server-1" startup in 862 ms
